2025-09-14 18:22:19 - renewmart.startup - INFO - logs.py:208 - Request logging middleware initialized
2025-09-14 18:22:19 - renewmart.startup - INFO - logs.py:209 - Log files will be stored in: C:\Users\ShibinShanmughamprem\Desktop\Renewmart\renewmart\backend\logs
2025-09-14 18:22:37 - renewmart.startup - INFO - logs.py:208 - Request logging middleware initialized
2025-09-14 18:22:37 - renewmart.startup - INFO - logs.py:209 - Log files will be stored in: C:\Users\ShibinShanmughamprem\Desktop\Renewmart\renewmart\backend\logs
2025-09-14 18:22:38 - renewmart.startup - INFO - logs.py:208 - Request logging middleware initialized
2025-09-14 18:22:38 - renewmart.startup - INFO - logs.py:209 - Log files will be stored in: C:\Users\ShibinShanmughamprem\Desktop\Renewmart\renewmart\backend\logs
2025-09-14 18:22:43 - renewmart.startup - INFO - logs.py:208 - Request logging middleware initialized
2025-09-14 18:22:43 - renewmart.startup - INFO - logs.py:209 - Log files will be stored in: C:\Users\ShibinShanmughamprem\Desktop\Renewmart\renewmart\backend\logs
2025-09-14 18:22:45 - renewmart.startup - INFO - logs.py:208 - Request logging middleware initialized
2025-09-14 18:22:45 - renewmart.startup - INFO - logs.py:209 - Log files will be stored in: C:\Users\ShibinShanmughamprem\Desktop\Renewmart\renewmart\backend\logs
2025-09-14 18:22:50 - renewmart.server - INFO - server.py:238 - RenewMart Server Starting...
2025-09-14 18:22:50 - renewmart.server - INFO - server.py:239 - Environment: development
2025-09-14 18:22:50 - renewmart.server - INFO - server.py:240 - Python version: 3.13.7 (tags/v3.13.7:bcee1c3, Aug 14 2025, 14:15:11) [MSC v.1944 64 bit (AMD64)]
2025-09-14 18:22:50 - renewmart.server - INFO - server.py:241 - Working directory: C:\Users\ShibinShanmughamprem\Desktop\Renewmart\renewmart\backend
2025-09-14 18:22:50 - renewmart.server - WARNING - server.py:85 - Database file not found: C:\Users\ShibinShanmughamprem\Desktop\Renewmart\renewmart\backend\renewmart.db. Run create_tables.py first.
2025-09-14 18:22:50 - renewmart.server - INFO - server.py:128 - Starting RenewMart server...
2025-09-14 18:22:50 - renewmart.server - INFO - server.py:129 - Server configuration: {'app': 'main:app', 'host': '0.0.0.0', 'port': 8000, 'reload': False, 'log_level': 'debug', 'access_log': True, 'use_colors': True}
2025-09-14 18:22:50 - renewmart.server - INFO - server.py:135 - Server starting on http://0.0.0.0:8000
2025-09-14 18:22:50 - renewmart.server - INFO - server.py:136 - API documentation available at http://0.0.0.0:8000/docs
2025-09-14 18:22:50 - renewmart.server - INFO - server.py:137 - Alternative API docs at http://0.0.0.0:8000/redoc
2025-09-14 18:22:50 - renewmart.startup - INFO - logs.py:208 - Request logging middleware initialized
2025-09-14 18:22:50 - renewmart.startup - INFO - logs.py:209 - Log files will be stored in: C:\Users\ShibinShanmughamprem\Desktop\Renewmart\renewmart\backend\logs
2025-09-14 18:22:50 - renewmart.server - INFO - server.py:148 - Server shutdown complete
2025-09-14 18:22:58 - renewmart.server - INFO - server.py:238 - RenewMart Server Starting...
2025-09-14 18:22:58 - renewmart.server - INFO - server.py:239 - Environment: development
2025-09-14 18:22:58 - renewmart.server - INFO - server.py:240 - Python version: 3.13.7 (tags/v3.13.7:bcee1c3, Aug 14 2025, 14:15:11) [MSC v.1944 64 bit (AMD64)]
2025-09-14 18:22:58 - renewmart.server - INFO - server.py:241 - Working directory: C:\Users\ShibinShanmughamprem\Desktop\Renewmart\renewmart\backend
2025-09-14 18:22:58 - renewmart.server - WARNING - server.py:85 - Database file not found: C:\Users\ShibinShanmughamprem\Desktop\Renewmart\renewmart\backend\renewmart.db. Run create_tables.py first.
2025-09-14 18:22:58 - renewmart.server - INFO - server.py:128 - Starting RenewMart server...
2025-09-14 18:22:58 - renewmart.server - INFO - server.py:129 - Server configuration: {'app': 'main:app', 'host': '0.0.0.0', 'port': 8001, 'reload': False, 'log_level': 'debug', 'access_log': True, 'use_colors': True}
2025-09-14 18:22:58 - renewmart.server - INFO - server.py:135 - Server starting on http://0.0.0.0:8001
2025-09-14 18:22:58 - renewmart.server - INFO - server.py:136 - API documentation available at http://0.0.0.0:8001/docs
2025-09-14 18:22:58 - renewmart.server - INFO - server.py:137 - Alternative API docs at http://0.0.0.0:8001/redoc
2025-09-14 18:22:59 - renewmart.startup - INFO - logs.py:208 - Request logging middleware initialized
2025-09-14 18:22:59 - renewmart.startup - INFO - logs.py:209 - Log files will be stored in: C:\Users\ShibinShanmughamprem\Desktop\Renewmart\renewmart\backend\logs
2025-09-14 18:26:13 - renewmart.server - INFO - server.py:39 - Received signal 2, shutting down gracefully...
2025-09-14 18:26:13 - renewmart.server - INFO - server.py:148 - Server shutdown complete
2025-09-14 18:26:22 - renewmart.server - INFO - server.py:238 - RenewMart Server Starting...
2025-09-14 18:26:22 - renewmart.server - INFO - server.py:239 - Environment: development
2025-09-14 18:26:22 - renewmart.server - INFO - server.py:240 - Python version: 3.13.7 (tags/v3.13.7:bcee1c3, Aug 14 2025, 14:15:11) [MSC v.1944 64 bit (AMD64)]
2025-09-14 18:26:22 - renewmart.server - INFO - server.py:241 - Working directory: C:\Users\ShibinShanmughamprem\Desktop\Renewmart\renewmart\backend
2025-09-14 18:26:22 - renewmart.server - WARNING - server.py:85 - Database file not found: C:\Users\ShibinShanmughamprem\Desktop\Renewmart\renewmart\backend\renewmart.db. Run create_tables.py first.
2025-09-14 18:26:22 - renewmart.server - INFO - server.py:128 - Starting RenewMart server...
2025-09-14 18:26:22 - renewmart.server - INFO - server.py:129 - Server configuration: {'app': 'main:app', 'host': '0.0.0.0', 'port': 8000, 'reload': False, 'log_level': 'info', 'access_log': True, 'use_colors': True}
2025-09-14 18:26:22 - renewmart.server - INFO - server.py:135 - Server starting on http://0.0.0.0:8000
2025-09-14 18:26:22 - renewmart.server - INFO - server.py:136 - API documentation available at http://0.0.0.0:8000/docs
2025-09-14 18:26:22 - renewmart.server - INFO - server.py:137 - Alternative API docs at http://0.0.0.0:8000/redoc
2025-09-14 18:26:23 - renewmart.startup - INFO - logs.py:208 - Request logging middleware initialized
2025-09-14 18:26:23 - renewmart.startup - INFO - logs.py:209 - Log files will be stored in: C:\Users\ShibinShanmughamprem\Desktop\Renewmart\renewmart\backend\logs
2025-09-14 18:26:23 - renewmart.server - INFO - server.py:148 - Server shutdown complete
2025-09-14 19:10:55 - renewmart.startup - INFO - logs.py:208 - Request logging middleware initialized
2025-09-14 19:10:55 - renewmart.startup - INFO - logs.py:209 - Log files will be stored in: C:\Users\ShibinShanmughamprem\Desktop\Renewmart\renewmart\backend\logs
2025-09-15 09:26:54 - renewmart.startup - INFO - logs.py:208 - Request logging middleware initialized
2025-09-15 09:26:54 - renewmart.startup - INFO - logs.py:209 - Log files will be stored in: C:\Users\ShibinShanmughamprem\Desktop\Renewmart\renewmart\backend\logs
2025-09-15 09:27:05 - renewmart.startup - INFO - logs.py:208 - Request logging middleware initialized
2025-09-15 09:27:05 - renewmart.startup - INFO - logs.py:209 - Log files will be stored in: C:\Users\ShibinShanmughamprem\Desktop\Renewmart\renewmart\backend\logs
2025-10-07 23:46:23 - renewmart.startup - INFO - logs.py:208 - Request logging middleware initialized
2025-10-07 23:46:23 - renewmart.startup - INFO - logs.py:209 - Log files will be stored in: C:\Users\ShibinShanmughamprem\Desktop\Renewmart\renewmart\backend\logs
2025-10-08 00:16:28 - renewmart.startup - INFO - logs.py:208 - Request logging middleware initialized
2025-10-08 00:16:28 - renewmart.startup - INFO - logs.py:209 - Log files will be stored in: C:\Users\ShibinShanmughamprem\Desktop\Renewmart\renewmart\backend\logs
2025-10-08 00:21:20 - renewmart.startup - INFO - logs.py:208 - Request logging middleware initialized
2025-10-08 00:21:20 - renewmart.startup - INFO - logs.py:209 - Log files will be stored in: C:\Users\ShibinShanmughamprem\Desktop\Renewmart\renewmart\backend\logs
2025-10-08 00:22:19 - renewmart.startup - INFO - logs.py:208 - Request logging middleware initialized
2025-10-08 00:22:19 - renewmart.startup - INFO - logs.py:209 - Log files will be stored in: C:\Users\ShibinShanmughamprem\Desktop\Renewmart\renewmart\backend\logs
2025-10-08 00:22:30 - renewmart.startup - INFO - logs.py:208 - Request logging middleware initialized
2025-10-08 00:22:30 - renewmart.startup - INFO - logs.py:209 - Log files will be stored in: C:\Users\ShibinShanmughamprem\Desktop\Renewmart\renewmart\backend\logs
2025-10-08 00:22:43 - renewmart.startup - INFO - logs.py:208 - Request logging middleware initialized
2025-10-08 00:22:43 - renewmart.startup - INFO - logs.py:209 - Log files will be stored in: C:\Users\ShibinShanmughamprem\Desktop\Renewmart\renewmart\backend\logs
2025-10-08 00:22:55 - renewmart.startup - INFO - logs.py:208 - Request logging middleware initialized
2025-10-08 00:22:55 - renewmart.startup - INFO - logs.py:209 - Log files will be stored in: C:\Users\ShibinShanmughamprem\Desktop\Renewmart\renewmart\backend\logs
2025-10-08 00:23:07 - renewmart.startup - INFO - logs.py:208 - Request logging middleware initialized
2025-10-08 00:23:07 - renewmart.startup - INFO - logs.py:209 - Log files will be stored in: C:\Users\ShibinShanmughamprem\Desktop\Renewmart\renewmart\backend\logs
2025-10-08 00:23:18 - renewmart.startup - INFO - logs.py:208 - Request logging middleware initialized
2025-10-08 00:23:18 - renewmart.startup - INFO - logs.py:209 - Log files will be stored in: C:\Users\ShibinShanmughamprem\Desktop\Renewmart\renewmart\backend\logs
2025-10-08 00:25:01 - renewmart.startup - INFO - logs.py:208 - Request logging middleware initialized
2025-10-08 00:25:01 - renewmart.startup - INFO - logs.py:209 - Log files will be stored in: C:\Users\ShibinShanmughamprem\Desktop\Renewmart\renewmart\backend\logs
2025-10-08 00:28:03 - renewmart.startup - INFO - logs.py:208 - Request logging middleware initialized
2025-10-08 00:28:03 - renewmart.startup - INFO - logs.py:209 - Log files will be stored in: C:\Users\ShibinShanmughamprem\Desktop\Renewmart\renewmart\backend\logs
2025-10-08 00:28:19 - renewmart.startup - INFO - logs.py:208 - Request logging middleware initialized
2025-10-08 00:28:19 - renewmart.startup - INFO - logs.py:209 - Log files will be stored in: C:\Users\ShibinShanmughamprem\Desktop\Renewmart\renewmart\backend\logs
2025-10-08 00:30:00 - renewmart.startup - INFO - logs.py:208 - Request logging middleware initialized
2025-10-08 00:30:00 - renewmart.startup - INFO - logs.py:209 - Log files will be stored in: C:\Users\ShibinShanmughamprem\Desktop\Renewmart\renewmart\backend\logs
2025-10-08 09:12:16 - renewmart.startup - INFO - logs.py:208 - Request logging middleware initialized
2025-10-08 09:12:16 - renewmart.startup - INFO - logs.py:209 - Log files will be stored in: C:\Users\ShibinShanmughamprem\Desktop\Renewmart\renewmart\backend\logs
2025-10-08 09:15:05 - renewmart.startup - INFO - logs.py:208 - Request logging middleware initialized
2025-10-08 09:15:05 - renewmart.startup - INFO - logs.py:209 - Log files will be stored in: C:\Users\ShibinShanmughamprem\Desktop\Renewmart\renewmart\backend\logs
2025-10-08 09:15:15 - renewmart.startup - INFO - logs.py:208 - Request logging middleware initialized
2025-10-08 09:15:15 - renewmart.startup - INFO - logs.py:209 - Log files will be stored in: C:\Users\ShibinShanmughamprem\Desktop\Renewmart\renewmart\backend\logs
2025-10-08 09:15:27 - renewmart.startup - INFO - logs.py:208 - Request logging middleware initialized
2025-10-08 09:15:27 - renewmart.startup - INFO - logs.py:209 - Log files will be stored in: C:\Users\ShibinShanmughamprem\Desktop\Renewmart\renewmart\backend\logs
2025-10-08 09:16:21 - renewmart.startup - INFO - logs.py:208 - Request logging middleware initialized
2025-10-08 09:16:21 - renewmart.startup - INFO - logs.py:209 - Log files will be stored in: C:\Users\ShibinShanmughamprem\Desktop\Renewmart\renewmart\backend\logs
2025-10-08 09:16:35 - renewmart.startup - INFO - logs.py:208 - Request logging middleware initialized
2025-10-08 09:16:35 - renewmart.startup - INFO - logs.py:209 - Log files will be stored in: C:\Users\ShibinShanmughamprem\Desktop\Renewmart\renewmart\backend\logs
2025-10-08 09:16:44 - renewmart.startup - INFO - logs.py:208 - Request logging middleware initialized
2025-10-08 09:16:44 - renewmart.startup - INFO - logs.py:209 - Log files will be stored in: C:\Users\ShibinShanmughamprem\Desktop\Renewmart\renewmart\backend\logs
2025-10-08 09:17:06 - renewmart.startup - INFO - logs.py:208 - Request logging middleware initialized
2025-10-08 09:17:06 - renewmart.startup - INFO - logs.py:209 - Log files will be stored in: C:\Users\ShibinShanmughamprem\Desktop\Renewmart\renewmart\backend\logs
2025-10-08 09:17:25 - renewmart.startup - INFO - logs.py:208 - Request logging middleware initialized
2025-10-08 09:17:25 - renewmart.startup - INFO - logs.py:209 - Log files will be stored in: C:\Users\ShibinShanmughamprem\Desktop\Renewmart\renewmart\backend\logs
2025-10-08 09:17:57 - renewmart.startup - INFO - logs.py:208 - Request logging middleware initialized
2025-10-08 09:17:57 - renewmart.startup - INFO - logs.py:209 - Log files will be stored in: C:\Users\ShibinShanmughamprem\Desktop\Renewmart\renewmart\backend\logs
2025-10-08 09:18:07 - renewmart.startup - INFO - logs.py:208 - Request logging middleware initialized
2025-10-08 09:18:07 - renewmart.startup - INFO - logs.py:209 - Log files will be stored in: C:\Users\ShibinShanmughamprem\Desktop\Renewmart\renewmart\backend\logs
2025-10-08 09:18:17 - renewmart.startup - INFO - logs.py:208 - Request logging middleware initialized
2025-10-08 09:18:17 - renewmart.startup - INFO - logs.py:209 - Log files will be stored in: C:\Users\ShibinShanmughamprem\Desktop\Renewmart\renewmart\backend\logs
2025-10-08 09:18:27 - renewmart.startup - INFO - logs.py:208 - Request logging middleware initialized
2025-10-08 09:18:27 - renewmart.startup - INFO - logs.py:209 - Log files will be stored in: C:\Users\ShibinShanmughamprem\Desktop\Renewmart\renewmart\backend\logs
2025-10-13 23:04:24 - renewmart.startup - INFO - logs.py:208 - Request logging middleware initialized
2025-10-13 23:04:24 - renewmart.startup - INFO - logs.py:209 - Log files will be stored in: C:\Users\jalig\Downloads\RenewMart\renewmart\backend\logs
2025-10-13 23:05:25 - renewmart.server - INFO - server.py:283 - RenewMart API Server Starting...
2025-10-13 23:05:25 - renewmart.server - INFO - server.py:284 - Environment: development
2025-10-13 23:05:25 - renewmart.server - INFO - server.py:285 - Debug mode: True
2025-10-13 23:05:25 - renewmart.server - INFO - server.py:286 - Python version: 3.11.7 (tags/v3.11.7:fa7a6f2, Dec  4 2023, 19:24:49) [MSC v.1937 64 bit (AMD64)]
2025-10-13 23:05:25 - renewmart.server - INFO - server.py:287 - Working directory: C:\Users\jalig\Downloads\RenewMart\renewmart\backend
2025-10-13 23:05:25 - renewmart.server - INFO - server.py:161 - Effective DATABASE_URL: postgresql://renewmart_user:****@localhost:5432/renewmart_db
2025-10-13 23:05:25 - renewmart.server - INFO - server.py:163 - Starting RenewMart API v1.0.0...
2025-10-13 23:05:25 - renewmart.server - INFO - server.py:164 - Environment: development
2025-10-13 23:05:25 - renewmart.server - INFO - server.py:165 - Debug mode: True
2025-10-13 23:05:25 - renewmart.server - INFO - server.py:166 - Server configuration: {'app': 'main:app', 'host': '127.0.0.1', 'port': 8000, 'reload': False, 'log_level': 'debug', 'access_log': True, 'use_colors': True, 'workers': 1}
2025-10-13 23:05:25 - renewmart.server - INFO - server.py:177 - Server starting on http://127.0.0.1:8000
2025-10-13 23:05:25 - renewmart.server - INFO - server.py:178 - API documentation available at http://127.0.0.1:8000/docs
2025-10-13 23:05:25 - renewmart.server - INFO - server.py:179 - Alternative API docs at http://127.0.0.1:8000/redoc
2025-10-13 23:05:29 - renewmart.startup - INFO - logs.py:208 - Request logging middleware initialized
2025-10-13 23:05:29 - renewmart.startup - INFO - logs.py:209 - Log files will be stored in: C:\Users\jalig\Downloads\RenewMart\renewmart\backend\logs
2025-10-13 23:05:35 - renewmart.startup - INFO - logs.py:208 - Request logging middleware initialized
2025-10-13 23:05:35 - renewmart.startup - INFO - logs.py:209 - Log files will be stored in: C:\Users\jalig\Downloads\RenewMart\renewmart\backend\logs
2025-10-13 23:17:45 - renewmart.server - INFO - server.py:41 - Received signal 2, shutting down gracefully...
2025-10-13 23:17:45 - renewmart.server - INFO - server.py:193 - Server shutdown complete
2025-10-13 23:17:47 - renewmart.server - INFO - server.py:283 - RenewMart API Server Starting...
2025-10-13 23:17:47 - renewmart.server - INFO - server.py:284 - Environment: development
2025-10-13 23:17:47 - renewmart.server - INFO - server.py:285 - Debug mode: True
2025-10-13 23:17:47 - renewmart.server - INFO - server.py:286 - Python version: 3.11.7 (tags/v3.11.7:fa7a6f2, Dec  4 2023, 19:24:49) [MSC v.1937 64 bit (AMD64)]
2025-10-13 23:17:47 - renewmart.server - INFO - server.py:287 - Working directory: C:\Users\jalig\Downloads\RenewMart\renewmart\backend
2025-10-13 23:17:47 - renewmart.server - INFO - server.py:161 - Effective DATABASE_URL: postgresql://renewmart_user:****@localhost:5432/renewmart_db
2025-10-13 23:17:47 - renewmart.server - INFO - server.py:163 - Starting RenewMart API v1.0.0...
2025-10-13 23:17:47 - renewmart.server - INFO - server.py:164 - Environment: development
2025-10-13 23:17:47 - renewmart.server - INFO - server.py:165 - Debug mode: True
2025-10-13 23:17:47 - renewmart.server - INFO - server.py:166 - Server configuration: {'app': 'main:app', 'host': '127.0.0.1', 'port': 8000, 'reload': False, 'log_level': 'debug', 'access_log': True, 'use_colors': True, 'workers': 1}
2025-10-13 23:17:47 - renewmart.server - INFO - server.py:177 - Server starting on http://127.0.0.1:8000
2025-10-13 23:17:47 - renewmart.server - INFO - server.py:178 - API documentation available at http://127.0.0.1:8000/docs
2025-10-13 23:17:47 - renewmart.server - INFO - server.py:179 - Alternative API docs at http://127.0.0.1:8000/redoc
2025-10-13 23:17:53 - renewmart.startup - INFO - logs.py:208 - Request logging middleware initialized
2025-10-13 23:17:53 - renewmart.startup - INFO - logs.py:209 - Log files will be stored in: C:\Users\jalig\Downloads\RenewMart\renewmart\backend\logs
2025-10-13 23:17:57 - renewmart.startup - INFO - logs.py:208 - Request logging middleware initialized
2025-10-13 23:17:57 - renewmart.startup - INFO - logs.py:209 - Log files will be stored in: C:\Users\jalig\Downloads\RenewMart\renewmart\backend\logs
2025-10-14 00:14:01 - renewmart.startup - INFO - logs.py:208 - Request logging middleware initialized
2025-10-14 00:14:01 - renewmart.startup - INFO - logs.py:209 - Log files will be stored in: C:\Users\jalig\Downloads\RenewMart\renewmart\backend\logs
2025-10-14 00:17:59 - renewmart.server - INFO - server.py:283 - RenewMart API Server Starting...
2025-10-14 00:17:59 - renewmart.server - INFO - server.py:284 - Environment: development
2025-10-14 00:17:59 - renewmart.server - INFO - server.py:285 - Debug mode: True
2025-10-14 00:17:59 - renewmart.server - INFO - server.py:286 - Python version: 3.11.7 (tags/v3.11.7:fa7a6f2, Dec  4 2023, 19:24:49) [MSC v.1937 64 bit (AMD64)]
2025-10-14 00:17:59 - renewmart.server - INFO - server.py:287 - Working directory: C:\Users\jalig\Downloads\RenewMart\renewmart\backend
2025-10-14 00:17:59 - renewmart.server - INFO - server.py:161 - Effective DATABASE_URL: postgresql://renewmart_user:****@localhost:5432/renewmart_db
2025-10-14 00:17:59 - renewmart.server - INFO - server.py:163 - Starting RenewMart API v1.0.0...
2025-10-14 00:17:59 - renewmart.server - INFO - server.py:164 - Environment: development
2025-10-14 00:17:59 - renewmart.server - INFO - server.py:165 - Debug mode: True
2025-10-14 00:17:59 - renewmart.server - INFO - server.py:166 - Server configuration: {'app': 'main:app', 'host': '127.0.0.1', 'port': 8001, 'reload': False, 'log_level': 'debug', 'access_log': True, 'use_colors': True, 'workers': 1}
2025-10-14 00:17:59 - renewmart.server - INFO - server.py:177 - Server starting on http://127.0.0.1:8001
2025-10-14 00:17:59 - renewmart.server - INFO - server.py:178 - API documentation available at http://127.0.0.1:8001/docs
2025-10-14 00:17:59 - renewmart.server - INFO - server.py:179 - Alternative API docs at http://127.0.0.1:8001/redoc
2025-10-14 00:18:09 - renewmart.startup - INFO - logs.py:208 - Request logging middleware initialized
2025-10-14 00:18:09 - renewmart.startup - INFO - logs.py:209 - Log files will be stored in: C:\Users\jalig\Downloads\RenewMart\renewmart\backend\logs
2025-10-14 00:37:51 - renewmart.server - INFO - server.py:283 - RenewMart API Server Starting...
2025-10-14 00:37:51 - renewmart.server - INFO - server.py:284 - Environment: development
2025-10-14 00:37:51 - renewmart.server - INFO - server.py:285 - Debug mode: True
2025-10-14 00:37:51 - renewmart.server - INFO - server.py:286 - Python version: 3.11.7 (tags/v3.11.7:fa7a6f2, Dec  4 2023, 19:24:49) [MSC v.1937 64 bit (AMD64)]
2025-10-14 00:37:51 - renewmart.server - INFO - server.py:287 - Working directory: C:\Users\jalig\Downloads\RenewMart\renewmart\backend
2025-10-14 00:37:51 - renewmart.server - INFO - server.py:161 - Effective DATABASE_URL: postgresql://renewmart_user:****@localhost:5432/renewmart_db
2025-10-14 00:37:51 - renewmart.server - INFO - server.py:163 - Starting RenewMart API v1.0.0...
2025-10-14 00:37:51 - renewmart.server - INFO - server.py:164 - Environment: development
2025-10-14 00:37:51 - renewmart.server - INFO - server.py:165 - Debug mode: True
2025-10-14 00:37:51 - renewmart.server - INFO - server.py:166 - Server configuration: {'app': 'main:app', 'host': '127.0.0.1', 'port': 8000, 'reload': False, 'log_level': 'debug', 'access_log': True, 'use_colors': True, 'workers': 1}
2025-10-14 00:37:51 - renewmart.server - INFO - server.py:177 - Server starting on http://127.0.0.1:8000
2025-10-14 00:37:51 - renewmart.server - INFO - server.py:178 - API documentation available at http://127.0.0.1:8000/docs
2025-10-14 00:37:51 - renewmart.server - INFO - server.py:179 - Alternative API docs at http://127.0.0.1:8000/redoc
2025-10-14 00:38:01 - renewmart.startup - INFO - logs.py:208 - Request logging middleware initialized
2025-10-14 00:38:01 - renewmart.startup - INFO - logs.py:209 - Log files will be stored in: C:\Users\jalig\Downloads\RenewMart\renewmart\backend\logs
2025-10-14 02:06:07 - renewmart.server - INFO - server.py:41 - Received signal 2, shutting down gracefully...
2025-10-14 02:06:07 - renewmart.server - INFO - server.py:193 - Server shutdown complete
2025-10-14 15:35:12 - renewmart.startup - INFO - logs.py:208 - Request logging middleware initialized
2025-10-14 15:35:12 - renewmart.startup - INFO - logs.py:209 - Log files will be stored in: C:\Users\jalig\Downloads\RENEW\renewmart\backend\logs
2025-10-14 15:39:06 - renewmart.startup - INFO - logs.py:208 - Request logging middleware initialized
2025-10-14 15:39:06 - renewmart.startup - INFO - logs.py:209 - Log files will be stored in: C:\Users\jalig\Downloads\RENEW\renewmart\backend\logs
2025-10-14 16:46:29 - renewmart.startup - INFO - logs.py:208 - Request logging middleware initialized
2025-10-14 16:46:29 - renewmart.startup - INFO - logs.py:209 - Log files will be stored in: C:\Users\jalig\Downloads\RENEW\renewmart\backend\logs
2025-10-14 17:14:22 - renewmart.startup - INFO - logs.py:208 - Request logging middleware initialized
2025-10-14 17:14:22 - renewmart.startup - INFO - logs.py:209 - Log files will be stored in: C:\Users\jalig\Downloads\RENEW\renewmart\backend\logs
2025-10-14 17:15:59 - renewmart.startup - INFO - logs.py:208 - Request logging middleware initialized
2025-10-14 17:15:59 - renewmart.startup - INFO - logs.py:209 - Log files will be stored in: C:\Users\jalig\Downloads\RENEW\renewmart\backend\logs
2025-10-14 17:16:10 - renewmart.startup - INFO - logs.py:208 - Request logging middleware initialized
2025-10-14 17:16:10 - renewmart.startup - INFO - logs.py:209 - Log files will be stored in: C:\Users\jalig\Downloads\RENEW\renewmart\backend\logs
2025-10-14 17:18:39 - renewmart.startup - INFO - logs.py:208 - Request logging middleware initialized
2025-10-14 17:18:39 - renewmart.startup - INFO - logs.py:209 - Log files will be stored in: C:\Users\jalig\Downloads\RENEW\renewmart\backend\logs
2025-10-14 17:19:48 - renewmart.startup - INFO - logs.py:208 - Request logging middleware initialized
2025-10-14 17:19:48 - renewmart.startup - INFO - logs.py:209 - Log files will be stored in: C:\Users\jalig\Downloads\RENEW\renewmart\backend\logs
2025-10-14 17:19:58 - renewmart.startup - INFO - logs.py:208 - Request logging middleware initialized
2025-10-14 17:19:58 - renewmart.startup - INFO - logs.py:209 - Log files will be stored in: C:\Users\jalig\Downloads\RENEW\renewmart\backend\logs
2025-10-14 17:22:14 - renewmart.startup - INFO - logs.py:208 - Request logging middleware initialized
2025-10-14 17:22:14 - renewmart.startup - INFO - logs.py:209 - Log files will be stored in: C:\Users\jalig\Downloads\RENEW\renewmart\backend\logs
2025-10-14 17:22:46 - renewmart.startup - INFO - logs.py:208 - Request logging middleware initialized
2025-10-14 17:22:46 - renewmart.startup - INFO - logs.py:209 - Log files will be stored in: C:\Users\jalig\Downloads\RENEW\renewmart\backend\logs
2025-10-14 17:26:17 - renewmart.startup - INFO - logs.py:208 - Request logging middleware initialized
2025-10-14 17:26:17 - renewmart.startup - INFO - logs.py:209 - Log files will be stored in: C:\Users\jalig\Downloads\RENEW\renewmart\backend\logs
2025-10-14 17:27:22 - renewmart.startup - INFO - logs.py:208 - Request logging middleware initialized
2025-10-14 17:27:22 - renewmart.startup - INFO - logs.py:209 - Log files will be stored in: C:\Users\jalig\Downloads\RENEW\renewmart\backend\logs
2025-10-14 17:29:08 - renewmart.startup - INFO - logs.py:208 - Request logging middleware initialized
2025-10-14 17:29:08 - renewmart.startup - INFO - logs.py:209 - Log files will be stored in: C:\Users\jalig\Downloads\RENEW\renewmart\backend\logs
2025-10-14 17:33:03 - renewmart.startup - INFO - logs.py:208 - Request logging middleware initialized
2025-10-14 17:33:03 - renewmart.startup - INFO - logs.py:209 - Log files will be stored in: C:\Users\jalig\Downloads\RENEW\renewmart\backend\logs
2025-10-14 17:38:14 - renewmart.startup - INFO - logs.py:208 - Request logging middleware initialized
2025-10-14 17:38:14 - renewmart.startup - INFO - logs.py:209 - Log files will be stored in: C:\Users\jalig\Downloads\RENEW\renewmart\backend\logs
2025-10-14 17:39:58 - renewmart.startup - INFO - logs.py:208 - Request logging middleware initialized
2025-10-14 17:39:58 - renewmart.startup - INFO - logs.py:209 - Log files will be stored in: C:\Users\jalig\Downloads\RENEW\renewmart\backend\logs
2025-10-14 19:09:55 - renewmart.startup - INFO - logs.py:208 - Request logging middleware initialized
2025-10-14 19:09:55 - renewmart.startup - INFO - logs.py:209 - Log files will be stored in: C:\Users\jalig\Downloads\RENEW\renewmart\backend\logs
2025-10-14 19:10:44 - renewmart.startup - INFO - logs.py:208 - Request logging middleware initialized
2025-10-14 19:10:44 - renewmart.startup - INFO - logs.py:209 - Log files will be stored in: C:\Users\jalig\Downloads\RENEW\renewmart\backend\logs
2025-10-14 19:22:39 - renewmart.startup - INFO - logs.py:208 - Request logging middleware initialized
2025-10-14 19:22:39 - renewmart.startup - INFO - logs.py:209 - Log files will be stored in: C:\Users\jalig\Downloads\RENEW\renewmart\backend\logs
2025-10-14 19:23:09 - renewmart.startup - INFO - logs.py:208 - Request logging middleware initialized
2025-10-14 19:23:09 - renewmart.startup - INFO - logs.py:209 - Log files will be stored in: C:\Users\jalig\Downloads\RENEW\renewmart\backend\logs
2025-10-14 19:23:24 - renewmart.startup - INFO - logs.py:208 - Request logging middleware initialized
2025-10-14 19:23:24 - renewmart.startup - INFO - logs.py:209 - Log files will be stored in: C:\Users\jalig\Downloads\RENEW\renewmart\backend\logs
2025-10-14 19:23:59 - renewmart.startup - INFO - logs.py:208 - Request logging middleware initialized
2025-10-14 19:23:59 - renewmart.startup - INFO - logs.py:209 - Log files will be stored in: C:\Users\jalig\Downloads\RENEW\renewmart\backend\logs
2025-10-14 19:33:38 - renewmart.startup - INFO - logs.py:208 - Request logging middleware initialized
2025-10-14 19:33:38 - renewmart.startup - INFO - logs.py:209 - Log files will be stored in: C:\Users\jalig\Downloads\RENEW\renewmart\backend\logs
2025-10-14 19:43:30 - renewmart.startup - INFO - logs.py:208 - Request logging middleware initialized
2025-10-14 19:43:30 - renewmart.startup - INFO - logs.py:209 - Log files will be stored in: C:\Users\jalig\Downloads\RENEW\renewmart\backend\logs
2025-10-14 19:45:57 - renewmart.startup - INFO - logs.py:208 - Request logging middleware initialized
2025-10-14 19:45:57 - renewmart.startup - INFO - logs.py:209 - Log files will be stored in: C:\Users\jalig\Downloads\RENEW\renewmart\backend\logs
2025-10-14 19:50:39 - renewmart.startup - INFO - logs.py:208 - Request logging middleware initialized
2025-10-14 19:50:39 - renewmart.startup - INFO - logs.py:209 - Log files will be stored in: C:\Users\jalig\Downloads\RENEW\renewmart\backend\logs
2025-10-14 19:51:09 - renewmart.startup - INFO - logs.py:208 - Request logging middleware initialized
2025-10-14 19:51:09 - renewmart.startup - INFO - logs.py:209 - Log files will be stored in: C:\Users\jalig\Downloads\RENEW\renewmart\backend\logs
2025-10-14 19:51:24 - renewmart.startup - INFO - logs.py:208 - Request logging middleware initialized
2025-10-14 19:51:24 - renewmart.startup - INFO - logs.py:209 - Log files will be stored in: C:\Users\jalig\Downloads\RENEW\renewmart\backend\logs
2025-10-14 19:52:36 - renewmart.startup - INFO - logs.py:208 - Request logging middleware initialized
2025-10-14 19:52:36 - renewmart.startup - INFO - logs.py:209 - Log files will be stored in: C:\Users\jalig\Downloads\RENEW\renewmart\backend\logs
2025-10-14 19:54:04 - renewmart.startup - INFO - logs.py:208 - Request logging middleware initialized
2025-10-14 19:54:04 - renewmart.startup - INFO - logs.py:209 - Log files will be stored in: C:\Users\jalig\Downloads\RENEW\renewmart\backend\logs
2025-10-14 22:36:20 - renewmart.startup - INFO - logs.py:208 - Request logging middleware initialized
2025-10-14 22:36:20 - renewmart.startup - INFO - logs.py:209 - Log files will be stored in: C:\Users\jalig\Downloads\RENEW\renewmart\backend\logs
2025-10-14 22:41:21 - renewmart.startup - INFO - logs.py:208 - Request logging middleware initialized
2025-10-14 22:41:21 - renewmart.startup - INFO - logs.py:209 - Log files will be stored in: C:\Users\jalig\Downloads\RENEW\renewmart\backend\logs
2025-10-14 22:41:31 - renewmart.startup - INFO - logs.py:208 - Request logging middleware initialized
2025-10-14 22:41:31 - renewmart.startup - INFO - logs.py:209 - Log files will be stored in: C:\Users\jalig\Downloads\RENEW\renewmart\backend\logs
2025-10-14 22:41:41 - renewmart.startup - INFO - logs.py:208 - Request logging middleware initialized
2025-10-14 22:41:41 - renewmart.startup - INFO - logs.py:209 - Log files will be stored in: C:\Users\jalig\Downloads\RENEW\renewmart\backend\logs
2025-10-14 22:42:18 - renewmart.startup - INFO - logs.py:208 - Request logging middleware initialized
2025-10-14 22:42:18 - renewmart.startup - INFO - logs.py:209 - Log files will be stored in: C:\Users\jalig\Downloads\RENEW\renewmart\backend\logs
2025-10-14 22:42:45 - renewmart.startup - INFO - logs.py:208 - Request logging middleware initialized
2025-10-14 22:42:45 - renewmart.startup - INFO - logs.py:209 - Log files will be stored in: C:\Users\jalig\Downloads\RENEW\renewmart\backend\logs
2025-10-14 22:43:27 - renewmart.startup - INFO - logs.py:208 - Request logging middleware initialized
2025-10-14 22:43:27 - renewmart.startup - INFO - logs.py:209 - Log files will be stored in: C:\Users\jalig\Downloads\RENEW\renewmart\backend\logs
2025-10-14 22:43:38 - renewmart.startup - INFO - logs.py:208 - Request logging middleware initialized
2025-10-14 22:43:38 - renewmart.startup - INFO - logs.py:209 - Log files will be stored in: C:\Users\jalig\Downloads\RENEW\renewmart\backend\logs
2025-10-14 22:44:39 - renewmart.startup - INFO - logs.py:208 - Request logging middleware initialized
2025-10-14 22:44:39 - renewmart.startup - INFO - logs.py:209 - Log files will be stored in: C:\Users\jalig\Downloads\RENEW\renewmart\backend\logs
2025-10-14 22:44:49 - renewmart.startup - INFO - logs.py:208 - Request logging middleware initialized
2025-10-14 22:44:49 - renewmart.startup - INFO - logs.py:209 - Log files will be stored in: C:\Users\jalig\Downloads\RENEW\renewmart\backend\logs
2025-10-14 22:44:59 - renewmart.startup - INFO - logs.py:208 - Request logging middleware initialized
2025-10-14 22:44:59 - renewmart.startup - INFO - logs.py:209 - Log files will be stored in: C:\Users\jalig\Downloads\RENEW\renewmart\backend\logs
2025-10-14 22:45:09 - renewmart.startup - INFO - logs.py:208 - Request logging middleware initialized
2025-10-14 22:45:09 - renewmart.startup - INFO - logs.py:209 - Log files will be stored in: C:\Users\jalig\Downloads\RENEW\renewmart\backend\logs
2025-10-14 22:45:19 - renewmart.startup - INFO - logs.py:208 - Request logging middleware initialized
2025-10-14 22:45:19 - renewmart.startup - INFO - logs.py:209 - Log files will be stored in: C:\Users\jalig\Downloads\RENEW\renewmart\backend\logs
2025-10-14 22:45:19 - renewmart.security - WARNING - logs.py:174 - SECURITY user_registered_with_verification - User: {'email': 'verified.test.user@example.com'}
2025-10-14 22:45:22 - renewmart.security - WARNING - logs.py:174 - SECURITY user_verified - User: {'email': 'verified.test.user@example.com'}
2025-10-14 22:45:30 - renewmart.security - WARNING - logs.py:174 - SECURITY user_registered_with_verification - User: {'email': 'speed.test.1760462128@example.com'}
2025-10-14 22:46:01 - renewmart.startup - INFO - logs.py:208 - Request logging middleware initialized
2025-10-14 22:46:01 - renewmart.startup - INFO - logs.py:209 - Log files will be stored in: C:\Users\jalig\Downloads\RENEW\renewmart\backend\logs
2025-10-14 22:47:13 - renewmart.startup - INFO - logs.py:208 - Request logging middleware initialized
2025-10-14 22:47:13 - renewmart.startup - INFO - logs.py:209 - Log files will be stored in: C:\Users\jalig\Downloads\RENEW\renewmart\backend\logs
2025-10-14 22:47:24 - renewmart.startup - INFO - logs.py:208 - Request logging middleware initialized
2025-10-14 22:47:24 - renewmart.startup - INFO - logs.py:209 - Log files will be stored in: C:\Users\jalig\Downloads\RENEW\renewmart\backend\logs
2025-10-14 22:47:36 - renewmart.startup - INFO - logs.py:208 - Request logging middleware initialized
2025-10-14 22:47:36 - renewmart.startup - INFO - logs.py:209 - Log files will be stored in: C:\Users\jalig\Downloads\RENEW\renewmart\backend\logs
2025-10-14 22:50:19 - renewmart.security - WARNING - logs.py:174 - SECURITY user_registered - User: {'email': 'rishithajaligam1312@gmail.com', 'roles': ['re_analyst']}
2025-10-15 00:32:03 - renewmart.startup - INFO - logs.py:208 - Request logging middleware initialized
2025-10-15 00:32:03 - renewmart.startup - INFO - logs.py:209 - Log files will be stored in: C:\Users\jalig\Downloads\RENEW\renewmart\backend\logs
2025-10-15 00:32:22 - renewmart.startup - INFO - logs.py:208 - Request logging middleware initialized
2025-10-15 00:32:22 - renewmart.startup - INFO - logs.py:209 - Log files will be stored in: C:\Users\jalig\Downloads\RENEW\renewmart\backend\logs
2025-10-15 00:32:34 - renewmart.startup - INFO - logs.py:208 - Request logging middleware initialized
2025-10-15 00:32:34 - renewmart.startup - INFO - logs.py:209 - Log files will be stored in: C:\Users\jalig\Downloads\RENEW\renewmart\backend\logs
2025-10-15 00:32:45 - renewmart.startup - INFO - logs.py:208 - Request logging middleware initialized
2025-10-15 00:32:45 - renewmart.startup - INFO - logs.py:209 - Log files will be stored in: C:\Users\jalig\Downloads\RENEW\renewmart\backend\logs
2025-10-15 00:33:40 - renewmart.security - WARNING - logs.py:174 - SECURITY user_registered - User: {'email': 'test.user@example.com', 'roles': ['landowner']}
2025-10-15 00:33:48 - renewmart.security - WARNING - logs.py:174 - SECURITY user_registered_with_verification - User: {'email': 'speed.test.1760468625@example.com'}
2025-10-15 00:34:21 - renewmart.startup - INFO - logs.py:208 - Request logging middleware initialized
2025-10-15 00:34:21 - renewmart.startup - INFO - logs.py:209 - Log files will be stored in: C:\Users\jalig\Downloads\RENEW\renewmart\backend\logs
2025-10-15 00:36:48 - renewmart.security - WARNING - logs.py:174 - SECURITY user_registered - User: {'email': 'reanalyst@gmail.com', 'roles': ['re_analyst']}
2025-10-15 00:57:35 - renewmart.security - WARNING - logs.py:174 - SECURITY user_registered - User: {'email': 'resale@gmail.com', 'roles': ['re_sales_advisor']}
2025-10-15 01:09:40 - renewmart.startup - INFO - logs.py:208 - Request logging middleware initialized
2025-10-15 01:09:40 - renewmart.startup - INFO - logs.py:209 - Log files will be stored in: C:\Users\jalig\Downloads\RENEW\renewmart\backend\logs
2025-10-15 01:21:44 - renewmart.startup - INFO - logs.py:208 - Request logging middleware initialized
2025-10-15 01:21:44 - renewmart.startup - INFO - logs.py:209 - Log files will be stored in: C:\Users\jalig\Downloads\RENEW\renewmart\backend\logs
2025-10-15 01:22:09 - renewmart.startup - INFO - logs.py:208 - Request logging middleware initialized
2025-10-15 01:22:09 - renewmart.startup - INFO - logs.py:209 - Log files will be stored in: C:\Users\jalig\Downloads\RENEW\renewmart\backend\logs
2025-10-15 01:22:26 - renewmart.startup - INFO - logs.py:208 - Request logging middleware initialized
2025-10-15 01:22:26 - renewmart.startup - INFO - logs.py:209 - Log files will be stored in: C:\Users\jalig\Downloads\RENEW\renewmart\backend\logs
2025-10-15 01:26:30 - renewmart.startup - INFO - logs.py:208 - Request logging middleware initialized
2025-10-15 01:26:30 - renewmart.startup - INFO - logs.py:209 - Log files will be stored in: C:\Users\jalig\Downloads\RENEW\renewmart\backend\logs
2025-10-15 01:26:59 - renewmart.startup - INFO - logs.py:208 - Request logging middleware initialized
2025-10-15 01:26:59 - renewmart.startup - INFO - logs.py:209 - Log files will be stored in: C:\Users\jalig\Downloads\RENEW\renewmart\backend\logs
2025-10-15 01:27:15 - renewmart.startup - INFO - logs.py:208 - Request logging middleware initialized
2025-10-15 01:27:15 - renewmart.startup - INFO - logs.py:209 - Log files will be stored in: C:\Users\jalig\Downloads\RENEW\renewmart\backend\logs
2025-10-15 01:27:49 - renewmart.startup - INFO - logs.py:208 - Request logging middleware initialized
2025-10-15 01:27:49 - renewmart.startup - INFO - logs.py:209 - Log files will be stored in: C:\Users\jalig\Downloads\RENEW\renewmart\backend\logs
2025-10-15 01:30:39 - renewmart.startup - INFO - logs.py:208 - Request logging middleware initialized
2025-10-15 01:30:39 - renewmart.startup - INFO - logs.py:209 - Log files will be stored in: C:\Users\jalig\Downloads\RENEW\renewmart\backend\logs
2025-10-15 01:42:42 - renewmart.startup - INFO - logs.py:208 - Request logging middleware initialized
2025-10-15 01:42:42 - renewmart.startup - INFO - logs.py:209 - Log files will be stored in: C:\Users\jalig\Downloads\RENEW\renewmart\backend\logs
2025-10-15 01:42:57 - renewmart.startup - INFO - logs.py:208 - Request logging middleware initialized
2025-10-15 01:42:57 - renewmart.startup - INFO - logs.py:209 - Log files will be stored in: C:\Users\jalig\Downloads\RENEW\renewmart\backend\logs
2025-10-15 01:43:21 - renewmart.startup - INFO - logs.py:208 - Request logging middleware initialized
2025-10-15 01:43:21 - renewmart.startup - INFO - logs.py:209 - Log files will be stored in: C:\Users\jalig\Downloads\RENEW\renewmart\backend\logs
2025-10-15 01:44:07 - renewmart.startup - INFO - logs.py:208 - Request logging middleware initialized
2025-10-15 01:44:07 - renewmart.startup - INFO - logs.py:209 - Log files will be stored in: C:\Users\jalig\Downloads\RENEW\renewmart\backend\logs
2025-10-15 01:44:21 - renewmart.startup - INFO - logs.py:208 - Request logging middleware initialized
2025-10-15 01:44:21 - renewmart.startup - INFO - logs.py:209 - Log files will be stored in: C:\Users\jalig\Downloads\RENEW\renewmart\backend\logs
2025-10-15 01:44:37 - renewmart.startup - INFO - logs.py:208 - Request logging middleware initialized
2025-10-15 01:44:37 - renewmart.startup - INFO - logs.py:209 - Log files will be stored in: C:\Users\jalig\Downloads\RENEW\renewmart\backend\logs
2025-10-15 01:44:51 - renewmart.startup - INFO - logs.py:208 - Request logging middleware initialized
2025-10-15 01:44:51 - renewmart.startup - INFO - logs.py:209 - Log files will be stored in: C:\Users\jalig\Downloads\RENEW\renewmart\backend\logs
2025-10-15 01:45:05 - renewmart.startup - INFO - logs.py:208 - Request logging middleware initialized
2025-10-15 01:45:05 - renewmart.startup - INFO - logs.py:209 - Log files will be stored in: C:\Users\jalig\Downloads\RENEW\renewmart\backend\logs
2025-10-15 01:45:19 - renewmart.startup - INFO - logs.py:208 - Request logging middleware initialized
2025-10-15 01:45:19 - renewmart.startup - INFO - logs.py:209 - Log files will be stored in: C:\Users\jalig\Downloads\RENEW\renewmart\backend\logs
2025-10-15 01:45:34 - renewmart.startup - INFO - logs.py:208 - Request logging middleware initialized
2025-10-15 01:45:34 - renewmart.startup - INFO - logs.py:209 - Log files will be stored in: C:\Users\jalig\Downloads\RENEW\renewmart\backend\logs
2025-10-15 01:46:08 - renewmart.startup - INFO - logs.py:208 - Request logging middleware initialized
2025-10-15 01:46:08 - renewmart.startup - INFO - logs.py:209 - Log files will be stored in: C:\Users\jalig\Downloads\RENEW\renewmart\backend\logs
2025-10-15 01:48:43 - renewmart.startup - INFO - logs.py:208 - Request logging middleware initialized
2025-10-15 01:48:43 - renewmart.startup - INFO - logs.py:209 - Log files will be stored in: C:\Users\jalig\Downloads\RENEW\renewmart\backend\logs
2025-10-15 01:50:34 - renewmart.startup - INFO - logs.py:208 - Request logging middleware initialized
2025-10-15 01:50:34 - renewmart.startup - INFO - logs.py:209 - Log files will be stored in: C:\Users\jalig\Downloads\RENEW\renewmart\backend\logs
2025-10-15 01:58:35 - renewmart.startup - INFO - logs.py:208 - Request logging middleware initialized
2025-10-15 01:58:35 - renewmart.startup - INFO - logs.py:209 - Log files will be stored in: C:\Users\jalig\Downloads\RENEW\renewmart\backend\logs
2025-10-15 01:59:27 - renewmart.startup - INFO - logs.py:208 - Request logging middleware initialized
2025-10-15 01:59:27 - renewmart.startup - INFO - logs.py:209 - Log files will be stored in: C:\Users\jalig\Downloads\RENEW\renewmart\backend\logs
2025-10-15 02:04:32 - renewmart.startup - INFO - logs.py:208 - Request logging middleware initialized
2025-10-15 02:04:32 - renewmart.startup - INFO - logs.py:209 - Log files will be stored in: C:\Users\jalig\Downloads\RENEW\renewmart\backend\logs
2025-10-15 02:05:25 - renewmart.startup - INFO - logs.py:208 - Request logging middleware initialized
2025-10-15 02:05:25 - renewmart.startup - INFO - logs.py:209 - Log files will be stored in: C:\Users\jalig\Downloads\RENEW\renewmart\backend\logs
2025-10-15 02:05:40 - renewmart.startup - INFO - logs.py:208 - Request logging middleware initialized
2025-10-15 02:05:40 - renewmart.startup - INFO - logs.py:209 - Log files will be stored in: C:\Users\jalig\Downloads\RENEW\renewmart\backend\logs
2025-10-15 02:05:57 - renewmart.startup - INFO - logs.py:208 - Request logging middleware initialized
2025-10-15 02:05:57 - renewmart.startup - INFO - logs.py:209 - Log files will be stored in: C:\Users\jalig\Downloads\RENEW\renewmart\backend\logs
2025-10-15 02:06:13 - renewmart.startup - INFO - logs.py:208 - Request logging middleware initialized
2025-10-15 02:06:13 - renewmart.startup - INFO - logs.py:209 - Log files will be stored in: C:\Users\jalig\Downloads\RENEW\renewmart\backend\logs
2025-10-15 02:06:37 - renewmart.startup - INFO - logs.py:208 - Request logging middleware initialized
2025-10-15 02:06:37 - renewmart.startup - INFO - logs.py:209 - Log files will be stored in: C:\Users\jalig\Downloads\RENEW\renewmart\backend\logs
2025-10-15 02:07:38 - renewmart.startup - INFO - logs.py:208 - Request logging middleware initialized
2025-10-15 02:07:38 - renewmart.startup - INFO - logs.py:209 - Log files will be stored in: C:\Users\jalig\Downloads\RENEW\renewmart\backend\logs
2025-10-15 02:10:51 - renewmart.startup - INFO - logs.py:208 - Request logging middleware initialized
2025-10-15 02:10:51 - renewmart.startup - INFO - logs.py:209 - Log files will be stored in: C:\Users\jalig\Downloads\RENEW\renewmart\backend\logs
2025-10-15 02:19:48 - renewmart.startup - INFO - logs.py:208 - Request logging middleware initialized
2025-10-15 02:19:48 - renewmart.startup - INFO - logs.py:209 - Log files will be stored in: C:\Users\jalig\Downloads\RENEW\renewmart\backend\logs
2025-10-15 02:20:02 - renewmart.startup - INFO - logs.py:208 - Request logging middleware initialized
2025-10-15 02:20:02 - renewmart.startup - INFO - logs.py:209 - Log files will be stored in: C:\Users\jalig\Downloads\RENEW\renewmart\backend\logs
2025-10-15 02:23:19 - renewmart.startup - INFO - logs.py:208 - Request logging middleware initialized
2025-10-15 02:23:19 - renewmart.startup - INFO - logs.py:209 - Log files will be stored in: C:\Users\jalig\Downloads\RENEW\renewmart\backend\logs
2025-10-15 13:07:50 - renewmart.startup - INFO - logs.py:208 - Request logging middleware initialized
2025-10-15 13:07:50 - renewmart.startup - INFO - logs.py:209 - Log files will be stored in: C:\Users\jalig\Downloads\RENEW\renewmart\backend\logs
2025-10-15 13:09:14 - renewmart.startup - INFO - logs.py:208 - Request logging middleware initialized
2025-10-15 13:09:14 - renewmart.startup - INFO - logs.py:209 - Log files will be stored in: C:\Users\jalig\Downloads\RENEW\renewmart\backend\logs
2025-10-15 13:22:15 - renewmart.startup - INFO - logs.py:208 - Request logging middleware initialized
2025-10-15 13:22:15 - renewmart.startup - INFO - logs.py:209 - Log files will be stored in: C:\Users\jalig\Downloads\RENEW\renewmart\backend\logs
2025-10-15 13:22:53 - renewmart.startup - INFO - logs.py:208 - Request logging middleware initialized
2025-10-15 13:22:53 - renewmart.startup - INFO - logs.py:209 - Log files will be stored in: C:\Users\jalig\Downloads\RENEW\renewmart\backend\logs
2025-10-15 13:23:27 - renewmart.startup - INFO - logs.py:208 - Request logging middleware initialized
2025-10-15 13:23:27 - renewmart.startup - INFO - logs.py:209 - Log files will be stored in: C:\Users\jalig\Downloads\RENEW\renewmart\backend\logs
2025-10-15 13:23:38 - renewmart.startup - INFO - logs.py:208 - Request logging middleware initialized
2025-10-15 13:23:38 - renewmart.startup - INFO - logs.py:209 - Log files will be stored in: C:\Users\jalig\Downloads\RENEW\renewmart\backend\logs
2025-10-15 13:23:51 - renewmart.startup - INFO - logs.py:208 - Request logging middleware initialized
2025-10-15 13:23:51 - renewmart.startup - INFO - logs.py:209 - Log files will be stored in: C:\Users\jalig\Downloads\RENEW\renewmart\backend\logs
2025-10-15 13:24:04 - renewmart.startup - INFO - logs.py:208 - Request logging middleware initialized
2025-10-15 13:24:04 - renewmart.startup - INFO - logs.py:209 - Log files will be stored in: C:\Users\jalig\Downloads\RENEW\renewmart\backend\logs
2025-10-15 13:25:42 - renewmart.startup - INFO - logs.py:208 - Request logging middleware initialized
2025-10-15 13:25:42 - renewmart.startup - INFO - logs.py:209 - Log files will be stored in: C:\Users\jalig\Downloads\RENEW\renewmart\backend\logs
2025-10-15 13:27:44 - renewmart.startup - INFO - logs.py:208 - Request logging middleware initialized
2025-10-15 13:27:45 - renewmart.startup - INFO - logs.py:209 - Log files will be stored in: C:\Users\jalig\Downloads\RENEW\renewmart\backend\logs
2025-10-15 13:28:07 - renewmart.startup - INFO - logs.py:208 - Request logging middleware initialized
2025-10-15 13:28:07 - renewmart.startup - INFO - logs.py:209 - Log files will be stored in: C:\Users\jalig\Downloads\RENEW\renewmart\backend\logs
2025-10-15 13:28:38 - renewmart.startup - INFO - logs.py:208 - Request logging middleware initialized
2025-10-15 13:28:38 - renewmart.startup - INFO - logs.py:209 - Log files will be stored in: C:\Users\jalig\Downloads\RENEW\renewmart\backend\logs
2025-10-15 13:28:50 - renewmart.startup - INFO - logs.py:208 - Request logging middleware initialized
2025-10-15 13:28:50 - renewmart.startup - INFO - logs.py:209 - Log files will be stored in: C:\Users\jalig\Downloads\RENEW\renewmart\backend\logs
2025-10-15 13:29:03 - renewmart.startup - INFO - logs.py:208 - Request logging middleware initialized
2025-10-15 13:29:03 - renewmart.startup - INFO - logs.py:209 - Log files will be stored in: C:\Users\jalig\Downloads\RENEW\renewmart\backend\logs
2025-10-15 13:30:30 - renewmart.startup - INFO - logs.py:208 - Request logging middleware initialized
2025-10-15 13:30:30 - renewmart.startup - INFO - logs.py:209 - Log files will be stored in: C:\Users\jalig\Downloads\RENEW\renewmart\backend\logs
2025-10-15 13:31:52 - renewmart.startup - INFO - logs.py:208 - Request logging middleware initialized
2025-10-15 13:31:52 - renewmart.startup - INFO - logs.py:209 - Log files will be stored in: C:\Users\jalig\Downloads\RENEW\renewmart\backend\logs
2025-10-15 13:52:07 - renewmart.security - WARNING - logs.py:174 - SECURITY user_registered - User: {'email': 'admin@gmail.com', 'roles': ['administrator']}
2025-10-15 14:04:59 - renewmart.startup - INFO - logs.py:208 - Request logging middleware initialized
2025-10-15 14:04:59 - renewmart.startup - INFO - logs.py:209 - Log files will be stored in: C:\Users\jalig\Downloads\RENEW\renewmart\backend\logs
2025-10-15 14:08:12 - renewmart.startup - INFO - logs.py:208 - Request logging middleware initialized
2025-10-15 14:08:12 - renewmart.startup - INFO - logs.py:209 - Log files will be stored in: C:\Users\jalig\Downloads\RENEW\renewmart\backend\logs
2025-10-15 14:11:28 - renewmart.startup - INFO - logs.py:208 - Request logging middleware initialized
2025-10-15 14:11:28 - renewmart.startup - INFO - logs.py:209 - Log files will be stored in: C:\Users\jalig\Downloads\RENEW\renewmart\backend\logs
2025-10-15 14:12:33 - renewmart.startup - INFO - logs.py:208 - Request logging middleware initialized
2025-10-15 14:12:33 - renewmart.startup - INFO - logs.py:209 - Log files will be stored in: C:\Users\jalig\Downloads\RENEW\renewmart\backend\logs
2025-10-15 14:13:08 - renewmart.startup - INFO - logs.py:208 - Request logging middleware initialized
2025-10-15 14:13:08 - renewmart.startup - INFO - logs.py:209 - Log files will be stored in: C:\Users\jalig\Downloads\RENEW\renewmart\backend\logs
2025-10-15 14:15:04 - renewmart.startup - INFO - logs.py:208 - Request logging middleware initialized
2025-10-15 14:15:04 - renewmart.startup - INFO - logs.py:209 - Log files will be stored in: C:\Users\jalig\Downloads\RENEW\renewmart\backend\logs
2025-10-15 14:18:50 - renewmart.startup - INFO - logs.py:208 - Request logging middleware initialized
2025-10-15 14:18:50 - renewmart.startup - INFO - logs.py:209 - Log files will be stored in: C:\Users\jalig\Downloads\RENEW\renewmart\backend\logs
2025-10-15 14:19:59 - renewmart.startup - INFO - logs.py:208 - Request logging middleware initialized
2025-10-15 14:19:59 - renewmart.startup - INFO - logs.py:209 - Log files will be stored in: C:\Users\jalig\Downloads\RENEW\renewmart\backend\logs
2025-10-15 14:22:28 - renewmart.startup - INFO - logs.py:208 - Request logging middleware initialized
2025-10-15 14:22:28 - renewmart.startup - INFO - logs.py:209 - Log files will be stored in: C:\Users\jalig\Downloads\RENEW\renewmart\backend\logs
2025-10-15 14:22:50 - renewmart.startup - INFO - logs.py:208 - Request logging middleware initialized
2025-10-15 14:22:50 - renewmart.startup - INFO - logs.py:209 - Log files will be stored in: C:\Users\jalig\Downloads\RENEW\renewmart\backend\logs
2025-10-15 14:23:05 - renewmart.startup - INFO - logs.py:208 - Request logging middleware initialized
2025-10-15 14:23:05 - renewmart.startup - INFO - logs.py:209 - Log files will be stored in: C:\Users\jalig\Downloads\RENEW\renewmart\backend\logs
2025-10-15 14:23:19 - renewmart.startup - INFO - logs.py:208 - Request logging middleware initialized
2025-10-15 14:23:19 - renewmart.startup - INFO - logs.py:209 - Log files will be stored in: C:\Users\jalig\Downloads\RENEW\renewmart\backend\logs
2025-10-15 14:23:34 - renewmart.startup - INFO - logs.py:208 - Request logging middleware initialized
2025-10-15 14:23:34 - renewmart.startup - INFO - logs.py:209 - Log files will be stored in: C:\Users\jalig\Downloads\RENEW\renewmart\backend\logs
2025-10-15 14:23:49 - renewmart.startup - INFO - logs.py:208 - Request logging middleware initialized
2025-10-15 14:23:49 - renewmart.startup - INFO - logs.py:209 - Log files will be stored in: C:\Users\jalig\Downloads\RENEW\renewmart\backend\logs
2025-10-15 14:24:03 - renewmart.startup - INFO - logs.py:208 - Request logging middleware initialized
2025-10-15 14:24:03 - renewmart.startup - INFO - logs.py:209 - Log files will be stored in: C:\Users\jalig\Downloads\RENEW\renewmart\backend\logs
2025-10-15 14:24:17 - renewmart.startup - INFO - logs.py:208 - Request logging middleware initialized
2025-10-15 14:24:17 - renewmart.startup - INFO - logs.py:209 - Log files will be stored in: C:\Users\jalig\Downloads\RENEW\renewmart\backend\logs
2025-10-15 14:24:33 - renewmart.startup - INFO - logs.py:208 - Request logging middleware initialized
2025-10-15 14:24:33 - renewmart.startup - INFO - logs.py:209 - Log files will be stored in: C:\Users\jalig\Downloads\RENEW\renewmart\backend\logs
2025-10-15 14:24:47 - renewmart.startup - INFO - logs.py:208 - Request logging middleware initialized
2025-10-15 14:24:47 - renewmart.startup - INFO - logs.py:209 - Log files will be stored in: C:\Users\jalig\Downloads\RENEW\renewmart\backend\logs
2025-10-15 14:25:01 - renewmart.startup - INFO - logs.py:208 - Request logging middleware initialized
2025-10-15 14:25:01 - renewmart.startup - INFO - logs.py:209 - Log files will be stored in: C:\Users\jalig\Downloads\RENEW\renewmart\backend\logs
2025-10-15 14:25:16 - renewmart.startup - INFO - logs.py:208 - Request logging middleware initialized
2025-10-15 14:25:16 - renewmart.startup - INFO - logs.py:209 - Log files will be stored in: C:\Users\jalig\Downloads\RENEW\renewmart\backend\logs
2025-10-15 14:25:30 - renewmart.startup - INFO - logs.py:208 - Request logging middleware initialized
2025-10-15 14:25:30 - renewmart.startup - INFO - logs.py:209 - Log files will be stored in: C:\Users\jalig\Downloads\RENEW\renewmart\backend\logs
2025-10-15 14:25:49 - renewmart.startup - INFO - logs.py:208 - Request logging middleware initialized
2025-10-15 14:25:49 - renewmart.startup - INFO - logs.py:209 - Log files will be stored in: C:\Users\jalig\Downloads\RENEW\renewmart\backend\logs
2025-10-15 14:26:04 - renewmart.startup - INFO - logs.py:208 - Request logging middleware initialized
2025-10-15 14:26:04 - renewmart.startup - INFO - logs.py:209 - Log files will be stored in: C:\Users\jalig\Downloads\RENEW\renewmart\backend\logs
2025-10-15 14:26:20 - renewmart.startup - INFO - logs.py:208 - Request logging middleware initialized
2025-10-15 14:26:20 - renewmart.startup - INFO - logs.py:209 - Log files will be stored in: C:\Users\jalig\Downloads\RENEW\renewmart\backend\logs
2025-10-15 14:26:33 - renewmart.startup - INFO - logs.py:208 - Request logging middleware initialized
2025-10-15 14:26:33 - renewmart.startup - INFO - logs.py:209 - Log files will be stored in: C:\Users\jalig\Downloads\RENEW\renewmart\backend\logs
2025-10-15 14:28:36 - renewmart.startup - INFO - logs.py:208 - Request logging middleware initialized
2025-10-15 14:28:36 - renewmart.startup - INFO - logs.py:209 - Log files will be stored in: C:\Users\jalig\Downloads\RENEW\renewmart\backend\logs
2025-10-15 14:32:41 - renewmart.startup - INFO - logs.py:208 - Request logging middleware initialized
2025-10-15 14:32:41 - renewmart.startup - INFO - logs.py:209 - Log files will be stored in: C:\Users\jalig\Downloads\RENEW\renewmart\backend\logs
