2025-10-14 17:17:04 - renewmart.access - INFO - logs.py:127 - GET /api/health - 307 - 0.99ms
2025-10-14 17:17:04 - renewmart.access - INFO - logs.py:127 - GET /api/health/ - 503 - 2.46ms
2025-10-14 17:17:20 - renewmart.access - INFO - logs.py:127 - POST /api/auth/register - 500 - 251.11ms
2025-10-14 17:19:49 - renewmart.access - INFO - logs.py:127 - POST /api/users/register - 201 - 56.48ms
2025-10-14 17:20:43 - renewmart.access - INFO - logs.py:127 - POST /api/auth/register - 422
2025-10-14 17:20:53 - renewmart.access - INFO - logs.py:127 - POST /api/auth/register - 500 - 7.00ms
2025-10-14 17:22:14 - renewmart.access - INFO - logs.py:127 - POST /api/auth/register - 500 - 20.75ms
2025-10-14 17:22:46 - renewmart.access - INFO - logs.py:127 - POST /api/auth/register - 500 - 13.60ms
2025-10-14 17:23:15 - renewmart.access - INFO - logs.py:127 - POST /api/users/register - 422
2025-10-14 17:23:26 - renewmart.access - INFO - logs.py:127 - POST /api/users/register - 400 - 2.00ms
2025-10-14 17:23:39 - renewmart.access - INFO - logs.py:127 - POST /api/auth/verify/request - 200 - 3519.23ms
2025-10-14 17:23:44 - renewmart.access - INFO - logs.py:127 - POST /api/auth/verify/confirm - 400
2025-10-14 17:26:24 - renewmart.access - INFO - logs.py:127 - POST /api/auth/verify/request - 422
2025-10-14 17:26:41 - renewmart.access - INFO - logs.py:127 - POST /api/auth/verify/request - 200 - 3397.85ms
2025-10-14 17:27:22 - renewmart.access - INFO - logs.py:127 - POST /api/auth/verify/confirm - 400 - 15.00ms
2025-10-14 17:27:41 - renewmart.access - INFO - logs.py:127 - POST /api/auth/verify/request - 200 - 3869.34ms
2025-10-14 17:27:46 - renewmart.access - INFO - logs.py:127 - POST /api/auth/verify/confirm - 200 - 54.92ms
2025-10-14 17:29:08 - renewmart.access - INFO - logs.py:127 - POST /api/users/login - 200 - 26.33ms
2025-10-14 17:29:47 - renewmart.access - INFO - logs.py:127 - POST /api/users/login - 200 - 18.21ms
2025-10-14 17:29:47 - renewmart.access - INFO - logs.py:127 - GET /api/users/me - 200 - 3.52ms
2025-10-14 18:05:27 - renewmart.access - INFO - logs.py:127 - GET /api/info - 200 - 1.00ms
2025-10-14 18:05:27 - renewmart.access - INFO - logs.py:127 - OPTIONS /api/health - 200 - 1.00ms
2025-10-14 18:05:32 - renewmart.access - INFO - logs.py:127 - OPTIONS /api/health - 200 - 1.00ms
2025-10-14 18:05:42 - renewmart.access - INFO - logs.py:127 - GET /api/info - 200 - 1.00ms
2025-10-14 18:06:46 - renewmart.access - INFO - logs.py:127 - OPTIONS /api/health - 200
2025-10-14 18:54:08 - renewmart.access - INFO - logs.py:127 - GET /api/auth/me - 401 - 5.00ms
