2025-10-14 17:16:01 - renewmart.startup - INFO - logs.py:208 - Request logging middleware initialized
2025-10-14 17:16:01 - renewmart.startup - INFO - logs.py:209 - Log files will be stored in: C:\Users\jalig\Downloads\RENEW\renewmart\logs
2025-10-14 17:18:39 - renewmart.startup - INFO - logs.py:208 - Request logging middleware initialized
2025-10-14 17:18:39 - renewmart.startup - INFO - logs.py:209 - Log files will be stored in: C:\Users\jalig\Downloads\RENEW\renewmart\logs
2025-10-14 17:19:49 - renewmart.startup - INFO - logs.py:208 - Request logging middleware initialized
2025-10-14 17:19:49 - renewmart.startup - INFO - logs.py:209 - Log files will be stored in: C:\Users\jalig\Downloads\RENEW\renewmart\logs
2025-10-14 17:22:14 - renewmart.startup - INFO - logs.py:208 - Request logging middleware initialized
2025-10-14 17:22:14 - renewmart.startup - INFO - logs.py:209 - Log files will be stored in: C:\Users\jalig\Downloads\RENEW\renewmart\logs
2025-10-14 17:22:46 - renewmart.startup - INFO - logs.py:208 - Request logging middleware initialized
2025-10-14 17:22:46 - renewmart.startup - INFO - logs.py:209 - Log files will be stored in: C:\Users\jalig\Downloads\RENEW\renewmart\logs
2025-10-14 17:23:39 - renewmart.security - WARNING - logs.py:174 - SECURITY verification_code_requested - User: {'email': 'jaligamrishitha@gmail.com', 'success': False}
2025-10-14 17:23:44 - renewmart.security - WARNING - logs.py:174 - SECURITY verification_code_failed - User: {'email': 'jaligamrishitha@gmail.com'}
2025-10-14 17:26:17 - renewmart.startup - INFO - logs.py:208 - Request logging middleware initialized
2025-10-14 17:26:17 - renewmart.startup - INFO - logs.py:209 - Log files will be stored in: C:\Users\jalig\Downloads\RENEW\renewmart\logs
2025-10-14 17:26:41 - renewmart.security - WARNING - logs.py:174 - SECURITY verification_code_requested - User: {'email': 'jaligamrishitha@gmail.com', 'success': True}
2025-10-14 17:27:22 - renewmart.startup - INFO - logs.py:208 - Request logging middleware initialized
2025-10-14 17:27:22 - renewmart.startup - INFO - logs.py:209 - Log files will be stored in: C:\Users\jalig\Downloads\RENEW\renewmart\logs
2025-10-14 17:27:22 - renewmart.security - WARNING - logs.py:174 - SECURITY verification_code_failed - User: {'email': 'jaligamrishitha@gmail.com'}
2025-10-14 17:27:41 - renewmart.security - WARNING - logs.py:174 - SECURITY verification_code_requested - User: {'email': 'jaligamrishitha@gmail.com', 'success': True}
2025-10-14 17:27:46 - renewmart.security - WARNING - logs.py:174 - SECURITY user_verified - User: {'email': 'jaligamrishitha@gmail.com'}
2025-10-14 17:29:08 - renewmart.startup - INFO - logs.py:208 - Request logging middleware initialized
2025-10-14 17:29:08 - renewmart.startup - INFO - logs.py:209 - Log files will be stored in: C:\Users\jalig\Downloads\RENEW\renewmart\logs
2025-10-14 18:05:27 - renewmart.startup - INFO - logs.py:208 - Request logging middleware initialized
2025-10-14 18:05:27 - renewmart.startup - INFO - logs.py:209 - Log files will be stored in: C:\Users\jalig\Downloads\RENEW\renewmart\logs
2025-10-14 19:08:36 - renewmart.startup - INFO - logs.py:208 - Request logging middleware initialized
2025-10-14 19:08:36 - renewmart.startup - INFO - logs.py:209 - Log files will be stored in: C:\Users\jalig\Downloads\RENEW\renewmart\logs
2025-10-14 19:08:51 - renewmart.startup - INFO - logs.py:208 - Request logging middleware initialized
2025-10-14 19:08:51 - renewmart.startup - INFO - logs.py:209 - Log files will be stored in: C:\Users\jalig\Downloads\RENEW\renewmart\logs
2025-10-14 19:09:04 - renewmart.startup - INFO - logs.py:208 - Request logging middleware initialized
2025-10-14 19:09:04 - renewmart.startup - INFO - logs.py:209 - Log files will be stored in: C:\Users\jalig\Downloads\RENEW\renewmart\logs
